<?xml version="1.0" encoding="UTF-8"?>
<!-- Generated by org.testng.reporters.JUnitReportReporter -->
<testsuite hostname="DESKTOP-GVB5AQ3" failures="0" tests="2" name="com.actitime.testscript.ProjectModule" time="22.310" errors="0" timestamp="2023-01-14T19:20:36 IST" skipped="0">
  <testcase classname="com.actitime.testscript.ProjectModule" name="createProject" time="7.871"/>
  <system-out>
    <![CDATA[createProject]]>
  </system-out>
  <testcase classname="com.actitime.testscript.ProjectModule" name="deleteProject" time="14.439"/>
  <system-out>
    <![CDATA[deleteProject]]>
  </system-out>
</testsuite> <!-- com.actitime.testscript.ProjectModule -->
