<?xml version="1.0" encoding="UTF-8"?>
<!-- Generated by org.testng.reporters.JUnitReportReporter -->
<testsuite hostname="DESKTOP-GVB5AQ3" failures="0" tests="4" name="com.actitime.testscript.CustomerModul" time="0.008" errors="0" timestamp="2023-01-12T23:20:53 IST" skipped="0">
  <testcase classname="com.actitime.testscript.CustomerModul" name="registerCustomer" time="0.004"/>
  <system-out>
    <![CDATA[registercustomer]]>
  </system-out>
  <testcase classname="com.actitime.testscript.CustomerModul" name="deleteCustomer" time="0.001"/>
  <system-out>
    <![CDATA[deletecustomer]]>
  </system-out>
  <testcase classname="com.actitime.testscript.CustomerModul" name="editCustomer" time="0.001"/>
  <system-out>
    <![CDATA[editcustomer]]>
  </system-out>
  <testcase classname="com.actitime.testscript.CustomerModul" name="editCustomer" time="0.002"/>
  <system-out>
    <![CDATA[editcustomer]]>
  </system-out>
</testsuite> <!-- com.actitime.testscript.CustomerModul -->
