<?xml version="1.0" encoding="UTF-8"?>
<!-- Generated by org.testng.reporters.JUnitReportReporter -->
<testsuite hostname="DESKTOP-GVB5AQ3" failures="0" tests="1" name="com.actitime.testscript.DemoTestNg" time="0.015" errors="0" timestamp="2023-01-11T11:59:46 IST" skipped="0">
  <testcase classname="com.actitime.testscript.DemoTestNg" name="testDemo" time="0.015"/>
  <system-out>
    <![CDATA[hi
hello
welcome]]>
  </system-out>
</testsuite> <!-- com.actitime.testscript.DemoTestNg -->
